[21194:259:1231/100032.448585:ERROR:chrome_browser_main.cc(1079)] The use of Rosetta to run the x64 version of Chromium on Arm is neither tested nor maintained, and unexpected behavior will likely result. Please check that all tools that spawn Chromium are Arm-native.
[21194:259:1231/100040.215540:INFO:CONSOLE(0)] "[Report Only] Refused to load the script 'https://app.ahrefs.com/cdn-cgi/scripts/7d0fa10a/cloudflare-static/rocket-loader.min.js' because it violates the following Content Security Policy directive: "script-src 'none'". Note that 'script-src-elem' was not explicitly set, so 'script-src' is used as a fallback.
", source: https://app.ahrefs.com/user/login (0)
[21194:259:1231/100040.375410:INFO:CONSOLE(1)] "[Report Only] Refused to execute inline event handler because it violates the following Content Security Policy directive: "script-src 'none'". Either the 'unsafe-inline' keyword, a hash ('sha256-...'), or a nonce ('nonce-...') is required to enable inline execution. Note that hashes do not apply to event handlers, style attributes and javascript: navigations unless the 'unsafe-hashes' keyword is present.
", source: https://app.ahrefs.com/cdn-cgi/scripts/7d0fa10a/cloudflare-static/rocket-loader.min.js (1)
[21194:259:1231/100040.380749:INFO:CONSOLE(1)] "[Report Only] Refused to execute inline event handler because it violates the following Content Security Policy directive: "script-src 'none'". Either the 'unsafe-inline' keyword, a hash ('sha256-...'), or a nonce ('nonce-...') is required to enable inline execution. Note that hashes do not apply to event handlers, style attributes and javascript: navigations unless the 'unsafe-hashes' keyword is present.
", source: https://app.ahrefs.com/cdn-cgi/scripts/7d0fa10a/cloudflare-static/rocket-loader.min.js (1)
[21194:259:1231/100040.412225:INFO:CONSOLE(1)] "[Report Only] Refused to load the script 'https://static-app.ahrefs.com/app/assets/js/OneTime/export_files.js?version%2F20220802-0130-13152-g5af435df318' because it violates the following Content Security Policy directive: "script-src 'none'". Note that 'script-src-elem' was not explicitly set, so 'script-src' is used as a fallback.
", source: https://app.ahrefs.com/cdn-cgi/scripts/7d0fa10a/cloudflare-static/rocket-loader.min.js (1)
[21194:259:1231/100040.414775:INFO:CONSOLE(1)] "[Report Only] Refused to load the script 'https://static-app.ahrefs.com/app/assets/js/OneTime/top_notifications.js?version%2F20220802-0130-13152-g5af435df318' because it violates the following Content Security Policy directive: "script-src 'none'". Note that 'script-src-elem' was not explicitly set, so 'script-src' is used as a fallback.
", source: https://app.ahrefs.com/cdn-cgi/scripts/7d0fa10a/cloudflare-static/rocket-loader.min.js (1)
[21194:259:1231/100040.416524:INFO:CONSOLE(1)] "[Report Only] Refused to load the script 'https://static-app.ahrefs.com/app/assets/js/OneTime/script.js?version%2F20220802-0130-13152-g5af435df318' because it violates the following Content Security Policy directive: "script-src 'none'". Note that 'script-src-elem' was not explicitly set, so 'script-src' is used as a fallback.
", source: https://app.ahrefs.com/cdn-cgi/scripts/7d0fa10a/cloudflare-static/rocket-loader.min.js (1)
[21194:259:1231/100040.416811:INFO:CONSOLE(1)] "[Report Only] Refused to load the script 'https://static-app.ahrefs.com/app/assets/js/SiteExplorer/top_notifications.js?version%2F20220802-0130-13152-g5af435df318' because it violates the following Content Security Policy directive: "script-src 'none'". Note that 'script-src-elem' was not explicitly set, so 'script-src' is used as a fallback.
", source: https://app.ahrefs.com/cdn-cgi/scripts/7d0fa10a/cloudflare-static/rocket-loader.min.js (1)
[21194:259:1231/100040.417275:INFO:CONSOLE(1)] "[Report Only] Refused to load the script 'https://static-app.ahrefs.com/app/tools/assets/js/login.c4e32572.js?version%2F20220802-0130-13152-g5af435df318' because it violates the following Content Security Policy directive: "script-src 'none'". Note that 'script-src-elem' was not explicitly set, so 'script-src' is used as a fallback.
", source: https://app.ahrefs.com/cdn-cgi/scripts/7d0fa10a/cloudflare-static/rocket-loader.min.js (1)
[21194:259:1231/100040.417800:INFO:CONSOLE(1)] "[Report Only] Refused to load the script 'https://static-app.ahrefs.com/app/tools/assets/js/4090.c5e34f28.js?version%2F20220802-0130-13152-g5af435df318' because it violates the following Content Security Policy directive: "script-src 'none'". Note that 'script-src-elem' was not explicitly set, so 'script-src' is used as a fallback.
", source: https://app.ahrefs.com/cdn-cgi/scripts/7d0fa10a/cloudflare-static/rocket-loader.min.js (1)
[21194:259:1231/100040.417841:INFO:CONSOLE(1)] "[Report Only] Refused to load the script 'https://static-app.ahrefs.com/app/tools/assets/js/1023.01c6fe77.js?version%2F20220802-0130-13152-g5af435df318' because it violates the following Content Security Policy directive: "script-src 'none'". Note that 'script-src-elem' was not explicitly set, so 'script-src' is used as a fallback.
", source: https://app.ahrefs.com/cdn-cgi/scripts/7d0fa10a/cloudflare-static/rocket-loader.min.js (1)
[21194:259:1231/100040.418614:INFO:CONSOLE(1)] "[Report Only] Refused to load the script 'https://static-app.ahrefs.com/app/tools/assets/js/4479.7563f756.js?version%2F20220802-0130-13152-g5af435df318' because it violates the following Content Security Policy directive: "script-src 'none'". Note that 'script-src-elem' was not explicitly set, so 'script-src' is used as a fallback.
", source: https://app.ahrefs.com/cdn-cgi/scripts/7d0fa10a/cloudflare-static/rocket-loader.min.js (1)
[21194:259:1231/100040.419122:INFO:CONSOLE(1)] "[Report Only] Refused to load the script 'https://static-app.ahrefs.com/app/tools/assets/js/9093.6bbb62e8.js?version%2F20220802-0130-13152-g5af435df318' because it violates the following Content Security Policy directive: "script-src 'none'". Note that 'script-src-elem' was not explicitly set, so 'script-src' is used as a fallback.
", source: https://app.ahrefs.com/cdn-cgi/scripts/7d0fa10a/cloudflare-static/rocket-loader.min.js (1)
[21194:259:1231/100040.419454:INFO:CONSOLE(1)] "[Report Only] Refused to load the script 'https://static-app.ahrefs.com/app/tools/assets/js/6506.50962dff.js?version%2F20220802-0130-13152-g5af435df318' because it violates the following Content Security Policy directive: "script-src 'none'". Note that 'script-src-elem' was not explicitly set, so 'script-src' is used as a fallback.
", source: https://app.ahrefs.com/cdn-cgi/scripts/7d0fa10a/cloudflare-static/rocket-loader.min.js (1)
[21194:259:1231/100040.419657:INFO:CONSOLE(1)] "[Report Only] Refused to load the script 'https://static-app.ahrefs.com/app/tools/assets/js/38.6d98a276.js?version%2F20220802-0130-13152-g5af435df318' because it violates the following Content Security Policy directive: "script-src 'none'". Note that 'script-src-elem' was not explicitly set, so 'script-src' is used as a fallback.
", source: https://app.ahrefs.com/cdn-cgi/scripts/7d0fa10a/cloudflare-static/rocket-loader.min.js (1)
[21194:259:1231/100040.419981:INFO:CONSOLE(1)] "[Report Only] Refused to load the script 'https://static-app.ahrefs.com/app/tools/assets/js/toolkit.b1f40772.js?version%2F20220802-0130-13152-g5af435df318' because it violates the following Content Security Policy directive: "script-src 'none'". Note that 'script-src-elem' was not explicitly set, so 'script-src' is used as a fallback.
", source: https://app.ahrefs.com/cdn-cgi/scripts/7d0fa10a/cloudflare-static/rocket-loader.min.js (1)
[21194:259:1231/100040.420951:INFO:CONSOLE(1)] "[Report Only] Refused to load the script 'https://static-app.ahrefs.com/app/tools/assets/js/7499.febf516b.js?version%2F20220802-0130-13152-g5af435df318' because it violates the following Content Security Policy directive: "script-src 'none'". Note that 'script-src-elem' was not explicitly set, so 'script-src' is used as a fallback.
", source: https://app.ahrefs.com/cdn-cgi/scripts/7d0fa10a/cloudflare-static/rocket-loader.min.js (1)
[21194:259:1231/100040.421139:INFO:CONSOLE(1)] "[Report Only] Refused to load the script 'https://static-app.ahrefs.com/app/tools/assets/js/ahkit.cc4a061d.js?version%2F20220802-0130-13152-g5af435df318' because it violates the following Content Security Policy directive: "script-src 'none'". Note that 'script-src-elem' was not explicitly set, so 'script-src' is used as a fallback.
", source: https://app.ahrefs.com/cdn-cgi/scripts/7d0fa10a/cloudflare-static/rocket-loader.min.js (1)
[21194:259:1231/100040.421403:INFO:CONSOLE(1)] "[Report Only] Refused to load the script 'https://static-app.ahrefs.com/app/tools/assets/js/api-client.9b76b52f.js?version%2F20220802-0130-13152-g5af435df318' because it violates the following Content Security Policy directive: "script-src 'none'". Note that 'script-src-elem' was not explicitly set, so 'script-src' is used as a fallback.
", source: https://app.ahrefs.com/cdn-cgi/scripts/7d0fa10a/cloudflare-static/rocket-loader.min.js (1)
[21194:259:1231/100040.421863:INFO:CONSOLE(1)] "[Report Only] Refused to load the script 'https://static-app.ahrefs.com/app/assets/js/lib/vendors.js?version%2F20220802-0130-13152-g5af435df318' because it violates the following Content Security Policy directive: "script-src 'none'". Note that 'script-src-elem' was not explicitly set, so 'script-src' is used as a fallback.
", source: https://app.ahrefs.com/cdn-cgi/scripts/7d0fa10a/cloudflare-static/rocket-loader.min.js (1)
[21194:259:1231/100040.460513:INFO:CONSOLE(1)] "[Report Only] Refused to load the script 'https://static-app.ahrefs.com/app/assets/js/lib/vendors.js?version%2F20220802-0130-13152-g5af435df318' because it violates the following Content Security Policy directive: "script-src 'none'". Note that 'script-src-elem' was not explicitly set, so 'script-src' is used as a fallback.
", source: https://app.ahrefs.com/cdn-cgi/scripts/7d0fa10a/cloudflare-static/rocket-loader.min.js (1)
[21194:259:1231/100040.596198:INFO:CONSOLE(1)] "[Report Only] Refused to execute inline script because it violates the following Content Security Policy directive: "script-src 'none'". Either the 'unsafe-inline' keyword, a hash ('sha256-+NWjdY62Qo3x1He+HkIh8e4rF4s6O8dEYlGLqnlmATs='), or a nonce ('nonce-...') is required to enable inline execution.
", source: https://app.ahrefs.com/cdn-cgi/scripts/7d0fa10a/cloudflare-static/rocket-loader.min.js (1)
[21194:259:1231/100040.602171:INFO:CONSOLE(10)] "[Report Only] Refused to load the script 'https://analytics.ahrefs.com/matomo.js' because it violates the following Content Security Policy directive: "script-src 'none'". Note that 'script-src-elem' was not explicitly set, so 'script-src' is used as a fallback.
", source:  (10)
[21194:259:1231/100040.603468:INFO:CONSOLE(1)] "[Report Only] Refused to load the script 'https://static-app.ahrefs.com/app/tools/assets/js/api-client.9b76b52f.js?version%2F20220802-0130-13152-g5af435df318' because it violates the following Content Security Policy directive: "script-src 'none'". Note that 'script-src-elem' was not explicitly set, so 'script-src' is used as a fallback.
", source: https://app.ahrefs.com/cdn-cgi/scripts/7d0fa10a/cloudflare-static/rocket-loader.min.js (1)
[21194:259:1231/100040.626641:INFO:CONSOLE(1)] "[Report Only] Refused to load the script 'https://static-app.ahrefs.com/app/tools/assets/js/ahkit.cc4a061d.js?version%2F20220802-0130-13152-g5af435df318' because it violates the following Content Security Policy directive: "script-src 'none'". Note that 'script-src-elem' was not explicitly set, so 'script-src' is used as a fallback.
", source: https://app.ahrefs.com/cdn-cgi/scripts/7d0fa10a/cloudflare-static/rocket-loader.min.js (1)
[21194:259:1231/100040.640432:INFO:CONSOLE(1)] "[Report Only] Refused to load the script 'https://static-app.ahrefs.com/app/tools/assets/js/7499.febf516b.js?version%2F20220802-0130-13152-g5af435df318' because it violates the following Content Security Policy directive: "script-src 'none'". Note that 'script-src-elem' was not explicitly set, so 'script-src' is used as a fallback.
", source: https://app.ahrefs.com/cdn-cgi/scripts/7d0fa10a/cloudflare-static/rocket-loader.min.js (1)
[21194:259:1231/100040.646431:INFO:CONSOLE(1)] "[Report Only] Refused to load the script 'https://static-app.ahrefs.com/app/tools/assets/js/toolkit.b1f40772.js?version%2F20220802-0130-13152-g5af435df318' because it violates the following Content Security Policy directive: "script-src 'none'". Note that 'script-src-elem' was not explicitly set, so 'script-src' is used as a fallback.
", source: https://app.ahrefs.com/cdn-cgi/scripts/7d0fa10a/cloudflare-static/rocket-loader.min.js (1)
[21194:259:1231/100040.675178:INFO:CONSOLE(1)] "[Report Only] Refused to load the script 'https://static-app.ahrefs.com/app/tools/assets/js/38.6d98a276.js?version%2F20220802-0130-13152-g5af435df318' because it violates the following Content Security Policy directive: "script-src 'none'". Note that 'script-src-elem' was not explicitly set, so 'script-src' is used as a fallback.
", source: https://app.ahrefs.com/cdn-cgi/scripts/7d0fa10a/cloudflare-static/rocket-loader.min.js (1)
[21194:259:1231/100040.690209:INFO:CONSOLE(10)] "[Report Only] Refused to connect to 'https://analytics.ahrefs.com/matomo.php?action_name=Ahrefs%20user%20login&idsite=1&rec=1&r=186504&h=10&m=0&s=40&url=https%3A%2F%2Fapp.ahrefs.com%2Fuser%2Flogin&_id=402b36c693ce3994&_idn=0&send_image=0&_refts=0&pdf=1&qt=0&realp=0&wma=0&fla=0&java=0&ag=0&cookie=1&res=1710x1112&pv_id=1FoaJ3&pf_net=37&pf_srv=70&pf_tfr=5&pf_dm1=146&pf_dm2=230&pf_onl=8&uadata=%7B%22fullVersionList%22%3A%5B%7B%22brand%22%3A%22Not%3FA_Brand%22%2C%22version%22%3A%228.0.0.0%22%7D%2C%7B%22brand%22%3A%22Chromium%22%2C%22version%22%3A%22108.0.5359.124%22%7D%2C%7B%22brand%22%3A%22Google%20Chrome%22%2C%22version%22%3A%22108.0.5359.124%22%7D%5D%2C%22mobile%22%3Afalse%2C%22model%22%3A%22%22%2C%22platform%22%3A%22macOS%22%2C%22platformVersion%22%3A%2213.1.0%22%7D' because it violates the following Content Security Policy directive: "connect-src 'none'".
", source: https://analytics.ahrefs.com/matomo.js (10)
[21194:259:1231/100040.691557:INFO:CONSOLE(10)] "[Report Only] Refused to connect to 'https://analytics.ahrefs.com/matomo.php?action_name=Ahrefs%20user%20login&idsite=1&rec=1&r=186504&h=10&m=0&s=40&url=https%3A%2F%2Fapp.ahrefs.com%2Fuser%2Flogin&_id=402b36c693ce3994&_idn=0&send_image=0&_refts=0&pdf=1&qt=0&realp=0&wma=0&fla=0&java=0&ag=0&cookie=1&res=1710x1112&pv_id=1FoaJ3&pf_net=37&pf_srv=70&pf_tfr=5&pf_dm1=146&pf_dm2=230&pf_onl=8&uadata=%7B%22fullVersionList%22%3A%5B%7B%22brand%22%3A%22Not%3FA_Brand%22%2C%22version%22%3A%228.0.0.0%22%7D%2C%7B%22brand%22%3A%22Chromium%22%2C%22version%22%3A%22108.0.5359.124%22%7D%2C%7B%22brand%22%3A%22Google%20Chrome%22%2C%22version%22%3A%22108.0.5359.124%22%7D%5D%2C%22mobile%22%3Afalse%2C%22model%22%3A%22%22%2C%22platform%22%3A%22macOS%22%2C%22platformVersion%22%3A%2213.1.0%22%7D' because it violates the following Content Security Policy directive: "connect-src 'none'".
", source: https://analytics.ahrefs.com/matomo.js (10)
[21194:259:1231/100040.699619:INFO:CONSOLE(1)] "[Report Only] Refused to load the script 'https://static-app.ahrefs.com/app/tools/assets/js/6506.50962dff.js?version%2F20220802-0130-13152-g5af435df318' because it violates the following Content Security Policy directive: "script-src 'none'". Note that 'script-src-elem' was not explicitly set, so 'script-src' is used as a fallback.
", source: https://app.ahrefs.com/cdn-cgi/scripts/7d0fa10a/cloudflare-static/rocket-loader.min.js (1)
[21194:259:1231/100040.700215:INFO:CONSOLE(1)] "[Report Only] Refused to load the script 'https://static-app.ahrefs.com/app/tools/assets/js/9093.6bbb62e8.js?version%2F20220802-0130-13152-g5af435df318' because it violates the following Content Security Policy directive: "script-src 'none'". Note that 'script-src-elem' was not explicitly set, so 'script-src' is used as a fallback.
", source: https://app.ahrefs.com/cdn-cgi/scripts/7d0fa10a/cloudflare-static/rocket-loader.min.js (1)
[21194:259:1231/100040.700491:INFO:CONSOLE(1)] "[Report Only] Refused to load the script 'https://static-app.ahrefs.com/app/tools/assets/js/4479.7563f756.js?version%2F20220802-0130-13152-g5af435df318' because it violates the following Content Security Policy directive: "script-src 'none'". Note that 'script-src-elem' was not explicitly set, so 'script-src' is used as a fallback.
", source: https://app.ahrefs.com/cdn-cgi/scripts/7d0fa10a/cloudflare-static/rocket-loader.min.js (1)
[21194:259:1231/100040.700683:INFO:CONSOLE(1)] "[Report Only] Refused to load the script 'https://static-app.ahrefs.com/app/tools/assets/js/1023.01c6fe77.js?version%2F20220802-0130-13152-g5af435df318' because it violates the following Content Security Policy directive: "script-src 'none'". Note that 'script-src-elem' was not explicitly set, so 'script-src' is used as a fallback.
", source: https://app.ahrefs.com/cdn-cgi/scripts/7d0fa10a/cloudflare-static/rocket-loader.min.js (1)
[21194:259:1231/100040.700872:INFO:CONSOLE(1)] "[Report Only] Refused to load the script 'https://static-app.ahrefs.com/app/tools/assets/js/4090.c5e34f28.js?version%2F20220802-0130-13152-g5af435df318' because it violates the following Content Security Policy directive: "script-src 'none'". Note that 'script-src-elem' was not explicitly set, so 'script-src' is used as a fallback.
", source: https://app.ahrefs.com/cdn-cgi/scripts/7d0fa10a/cloudflare-static/rocket-loader.min.js (1)
[21194:259:1231/100040.701128:INFO:CONSOLE(1)] "[Report Only] Refused to load the script 'https://static-app.ahrefs.com/app/tools/assets/js/login.c4e32572.js?version%2F20220802-0130-13152-g5af435df318' because it violates the following Content Security Policy directive: "script-src 'none'". Note that 'script-src-elem' was not explicitly set, so 'script-src' is used as a fallback.
", source: https://app.ahrefs.com/cdn-cgi/scripts/7d0fa10a/cloudflare-static/rocket-loader.min.js (1)
[21194:259:1231/100042.548462:INFO:CONSOLE(1)] "[Report Only] Refused to load the script 'https://www.google.com/recaptcha/api.js' because it violates the following Content Security Policy directive: "script-src 'none'". Note that 'script-src-elem' was not explicitly set, so 'script-src' is used as a fallback.
", source: https://static-app.ahrefs.com/app/tools/assets/js/toolkit.b1f40772.js?version%2F20220802-0130-13152-g5af435df318 (1)
[21194:259:1231/100042.808228:INFO:CONSOLE(1)] "[Report Only] Refused to load the script 'https://static-app.ahrefs.com/app/assets/js/SiteExplorer/top_notifications.js?version%2F20220802-0130-13152-g5af435df318' because it violates the following Content Security Policy directive: "script-src 'none'". Note that 'script-src-elem' was not explicitly set, so 'script-src' is used as a fallback.
", source: https://app.ahrefs.com/cdn-cgi/scripts/7d0fa10a/cloudflare-static/rocket-loader.min.js (1)
[21194:259:1231/100043.022480:INFO:CONSOLE(1)] "[Report Only] Refused to connect to 'https://app.ahrefs.com/v4/loginGetAppIds?sensitive-input=null' because it violates the following Content Security Policy directive: "connect-src 'none'".
", source: https://static-app.ahrefs.com/app/tools/assets/js/ahkit.cc4a061d.js?version%2F20220802-0130-13152-g5af435df318 (1)
[21194:259:1231/100043.022646:INFO:CONSOLE(1)] "[Report Only] Refused to connect to 'https://app.ahrefs.com/v4/loginGetAppIds?sensitive-input=null' because it violates the following Content Security Policy directive: "connect-src 'none'".
", source: https://static-app.ahrefs.com/app/tools/assets/js/ahkit.cc4a061d.js?version%2F20220802-0130-13152-g5af435df318 (1)
[21194:259:1231/100043.023707:INFO:CONSOLE(1)] "[Report Only] Refused to load the script 'https://accounts.google.com/gsi/client' because it violates the following Content Security Policy directive: "script-src 'none'". Note that 'script-src-elem' was not explicitly set, so 'script-src' is used as a fallback.
", source: https://static-app.ahrefs.com/app/tools/assets/js/login.c4e32572.js?version%2F20220802-0130-13152-g5af435df318 (1)
[21194:259:1231/100043.024177:INFO:CONSOLE(1)] "[Report Only] Refused to load the script 'https://connect.facebook.net/en_US/sdk.js' because it violates the following Content Security Policy directive: "script-src 'none'". Note that 'script-src-elem' was not explicitly set, so 'script-src' is used as a fallback.
", source: https://static-app.ahrefs.com/app/tools/assets/js/toolkit.b1f40772.js?version%2F20220802-0130-13152-g5af435df318 (1)
[21194:259:1231/100043.045201:INFO:CONSOLE(1)] "[Report Only] Refused to load the script 'https://static-app.ahrefs.com/app/assets/js/OneTime/script.js?version%2F20220802-0130-13152-g5af435df318' because it violates the following Content Security Policy directive: "script-src 'none'". Note that 'script-src-elem' was not explicitly set, so 'script-src' is used as a fallback.
", source: https://app.ahrefs.com/cdn-cgi/scripts/7d0fa10a/cloudflare-static/rocket-loader.min.js (1)
[21194:259:1231/100043.067465:INFO:CONSOLE(1)] "[Report Only] Refused to load the script 'https://static-app.ahrefs.com/app/assets/js/OneTime/top_notifications.js?version%2F20220802-0130-13152-g5af435df318' because it violates the following Content Security Policy directive: "script-src 'none'". Note that 'script-src-elem' was not explicitly set, so 'script-src' is used as a fallback.
", source: https://app.ahrefs.com/cdn-cgi/scripts/7d0fa10a/cloudflare-static/rocket-loader.min.js (1)
[21194:259:1231/100043.097332:INFO:CONSOLE(1)] "[Report Only] Refused to load the script 'https://static-app.ahrefs.com/app/assets/js/OneTime/export_files.js?version%2F20220802-0130-13152-g5af435df318' because it violates the following Content Security Policy directive: "script-src 'none'". Note that 'script-src-elem' was not explicitly set, so 'script-src' is used as a fallback.
", source: https://app.ahrefs.com/cdn-cgi/scripts/7d0fa10a/cloudflare-static/rocket-loader.min.js (1)
[21194:259:1231/100043.107184:INFO:CONSOLE(1)] "[Report Only] Refused to load the script 'https://www.gstatic.com/recaptcha/releases/5qcenVbrhOy8zihcc2aHOWD4/recaptcha__ja.js' because it violates the following Content Security Policy directive: "script-src 'none'". Note that 'script-src-elem' was not explicitly set, so 'script-src' is used as a fallback.
", source: https://www.google.com/recaptcha/api.js (1)
[21194:259:1231/100043.272566:INFO:CONSOLE(1)] "[Report Only] Refused to connect to 'https://app.ahrefs.com/site-explorer/ajax/get/user-processing-files-number' because it violates the following Content Security Policy directive: "connect-src 'none'".
", source: https://static-app.ahrefs.com/app/assets/js/lib/vendors.js?version%2F20220802-0130-13152-g5af435df318 (1)
[21194:259:1231/100043.292484:INFO:CONSOLE(22)] "[Report Only] Refused to load the script 'https://connect.facebook.net/en_US/sdk.js?hash=5023fc6dd577d2fcbb979becab785b14' because it violates the following Content Security Policy directive: "script-src 'none'". Note that 'script-src-elem' was not explicitly set, so 'script-src' is used as a fallback.
", source: https://connect.facebook.net/en_US/sdk.js (22)
[21194:259:1231/100043.665818:INFO:CONSOLE(0)] "[DOM] Input elements should have autocomplete attributes (suggested: "current-password"): (More info: https://goo.gl/9p2vKq) %o", source: https://app.ahrefs.com/user/login (0)
[21194:259:1231/100049.182558:INFO:CONSOLE(1)] "[Report Only] Refused to connect to 'https://auth.ahrefs.com/auth/login' because it violates the following Content Security Policy directive: "connect-src 'none'".
", source: https://static-app.ahrefs.com/app/tools/assets/js/ahkit.cc4a061d.js?version%2F20220802-0130-13152-g5af435df318 (1)
[21194:259:1231/100049.182759:INFO:CONSOLE(1)] "[Report Only] Refused to connect to 'https://auth.ahrefs.com/auth/login' because it violates the following Content Security Policy directive: "connect-src 'none'".
", source: https://static-app.ahrefs.com/app/tools/assets/js/ahkit.cc4a061d.js?version%2F20220802-0130-13152-g5af435df318 (1)
[21194:259:1231/100052.751922:INFO:CONSOLE(1)] "[Report Only] Refused to connect to 'https://app.ahrefs.com/v4/loginCheckCompletion' because it violates the following Content Security Policy directive: "connect-src 'none'".
", source: https://static-app.ahrefs.com/app/tools/assets/js/ahkit.cc4a061d.js?version%2F20220802-0130-13152-g5af435df318 (1)
[21194:259:1231/100052.752049:INFO:CONSOLE(1)] "[Report Only] Refused to connect to 'https://app.ahrefs.com/v4/loginCheckCompletion' because it violates the following Content Security Policy directive: "connect-src 'none'".
", source: https://static-app.ahrefs.com/app/tools/assets/js/ahkit.cc4a061d.js?version%2F20220802-0130-13152-g5af435df318 (1)
[21194:259:1231/100118.803260:INFO:CONSOLE(2735)] "Uncaught SyntaxError: Private field '#REGION_TRIGGER' must be declared in an enclosing class", source: https://app.ahrefs.com/positions-explorer/top-subfolders/subdomains/all/all/all/all/all/all/all/all/1/traffic_desc?target=biz.moneyforward.com%2F (2735)
[21216:35331:1231/100250.791931:ERROR:latency_info.cc(93)] CompositorFrameSinkSupport::MaybeSubmitCompositorFrame, LatencyInfo vector size 104 is too big.
[21216:35331:1231/101111.044752:ERROR:latency_info.cc(93)] CompositorFrameSinkSupport::MaybeSubmitCompositorFrame, LatencyInfo vector size 109 is too big.
[21194:259:1231/101343.133716:WARNING:compositor_animation_observer.cc(60)] CompositorAnimationObserver is active for too long (162.617s) location=AnimationContainerWasSet@ui/views/animation/animation_delegate_views.cc:38
[21217:20915:1231/101747.898982:WARNING:sqlite_persistent_store_backend_base.cc(163)] Failed to post task from FlushAndNotifyInBackground@net/extras/sqlite/sqlite_persistent_store_backend_base.cc:211 to client_task_runner_.
[21217:20915:1231/101747.906316:WARNING:sqlite_persistent_store_backend_base.cc(163)] Failed to post task from FlushAndNotifyInBackground@net/extras/sqlite/sqlite_persistent_store_backend_base.cc:211 to client_task_runner_.
[21194:259:1231/101748.092139:WARNING:pref_notifier_impl.cc(41)] Pref observer for media_router.cast_allow_all_ips found at shutdown.
